d:\media\docs\umcs\1\c++\с++\consoleapplication1\pionki_na_plansze\debug\pionki_na_plansze.pch
d:\media\docs\umcs\1\c++\с++\consoleapplication1\pionki_na_plansze\debug\vc141.pdb
d:\media\docs\umcs\1\c++\с++\consoleapplication1\pionki_na_plansze\debug\stdafx.obj
d:\media\docs\umcs\1\c++\с++\consoleapplication1\pionki_na_plansze\debug\form1.obj
d:\media\docs\umcs\1\c++\с++\consoleapplication1\pionki_na_plansze\debug\cppclr_winformsprojekt.obj
d:\media\docs\umcs\1\c++\с++\consoleapplication1\pionki_na_plansze\debug\assemblyinfo.obj
d:\media\docs\umcs\1\c++\с++\consoleapplication1\pionki_na_plansze\debug\.netframework,version=v4.5.2.assemblyattributes.obj
d:\media\docs\umcs\1\c++\с++\consoleapplication1\pionki_na_plansze\debug\.netframework,version=v4.5.2.assemblyattributes.asm
d:\media\docs\umcs\1\c++\с++\consoleapplication1\debug\pionki_na_plansze.exe
d:\media\docs\umcs\1\c++\с++\consoleapplication1\debug\pionki_na_plansze.pdb
d:\media\docs\umcs\1\c++\с++\consoleapplication1\pionki_na_plansze\debug\pionki_na_plansze.form1.resources
d:\media\docs\umcs\1\c++\с++\consoleapplication1\pionki_na_plansze\debug\app.res
d:\media\docs\umcs\1\c++\с++\consoleapplication1\pionki_na_plansze\debug\pionki_na_plansze.vcxproj.generateresource.cache
d:\media\docs\umcs\1\c++\с++\consoleapplication1\pionki_na_plansze\debug\pionki_na_plansze.vcxprojresolveassemblyreference.cache
d:\media\docs\umcs\1\c++\с++\consoleapplication1\pionki_na_plansze\debug\pionki_n.0e9d9414.tlog\cl.command.1.tlog
d:\media\docs\umcs\1\c++\с++\consoleapplication1\pionki_na_plansze\debug\pionki_n.0e9d9414.tlog\cl.read.1.tlog
d:\media\docs\umcs\1\c++\с++\consoleapplication1\pionki_na_plansze\debug\pionki_n.0e9d9414.tlog\cl.write.1.tlog
d:\media\docs\umcs\1\c++\с++\consoleapplication1\pionki_na_plansze\debug\pionki_n.0e9d9414.tlog\link.command.1.tlog
d:\media\docs\umcs\1\c++\с++\consoleapplication1\pionki_na_plansze\debug\pionki_n.0e9d9414.tlog\link.read.1.tlog
d:\media\docs\umcs\1\c++\с++\consoleapplication1\pionki_na_plansze\debug\pionki_n.0e9d9414.tlog\link.write.1.tlog
d:\media\docs\umcs\1\c++\с++\consoleapplication1\pionki_na_plansze\debug\pionki_n.0e9d9414.tlog\metagen.read.1.tlog
d:\media\docs\umcs\1\c++\с++\consoleapplication1\pionki_na_plansze\debug\pionki_n.0e9d9414.tlog\metagen.write.1.tlog
d:\media\docs\umcs\1\c++\с++\consoleapplication1\pionki_na_plansze\debug\pionki_n.0e9d9414.tlog\pionki_na_plansze.write.1u.tlog
d:\media\docs\umcs\1\c++\с++\consoleapplication1\pionki_na_plansze\debug\pionki_n.0e9d9414.tlog\rc.command.1.tlog
d:\media\docs\umcs\1\c++\с++\consoleapplication1\pionki_na_plansze\debug\pionki_n.0e9d9414.tlog\rc.read.1.tlog
d:\media\docs\umcs\1\c++\с++\consoleapplication1\pionki_na_plansze\debug\pionki_n.0e9d9414.tlog\rc.write.1.tlog
d:\media\docs\umcs\1\c++\с++\consoleapplication1\pionki_na_plansze\debug\pionki_n.0e9d9414.tlog\tzres.dll.bi
